<?xml version="1.0" encoding="UTF-8"?>
<!-- Generated by org.testng.reporters.JUnitReportReporter -->
<testsuite hostname="LAPTOP-C9SNNQ6K" failures="0" tests="1" name="project2.Project2" time="3.377" errors="0" timestamp="2025-05-07T06:04:53 IST" skipped="0">
  <testcase classname="project2.Project2" name="jsExecutor" time="3.377"/>
</testsuite> <!-- project2.Project2 -->
