<?xml version="1.0" encoding="UTF-8"?>
<!-- Generated by org.testng.reporters.JUnitReportReporter -->
<testsuite hostname="LAPTOP-C9SNNQ6K" failures="0" tests="1" name="project2.Login" time="4.461" errors="0" timestamp="2025-05-08T14:22:27 IST" skipped="0">
  <testcase classname="project2.Login" name="login" time="4.461"/>
</testsuite> <!-- project2.Login -->
