<?xml version="1.0" encoding="UTF-8"?>
<!-- Generated by org.testng.reporters.JUnitReportReporter -->
<testsuite hostname="LAPTOP-C9SNNQ6K" failures="0" tests="1" name="project2.windowsHandler" time="9.428" errors="0" timestamp="2025-05-08T14:20:04 IST" skipped="0">
  <testcase classname="project2.windowsHandler" name="windowHandle" time="9.428"/>
</testsuite> <!-- project2.windowsHandler -->
