<?xml version="1.0" encoding="UTF-8"?>
<!-- Generated by org.testng.reporters.JUnitReportReporter -->
<testsuite hostname="LAPTOP-C9SNNQ6K" failures="0" tests="1" name="project2.Project2" time="46.891" errors="0" timestamp="2025-04-25T12:41:35 IST" skipped="0">
  <testcase classname="project2.Project2" name="test1" time="46.891"/>
</testsuite> <!-- project2.Project2 -->
