<?xml version="1.0" encoding="UTF-8"?>
<!-- Generated by org.testng.reporters.JUnitReportReporter -->
<testsuite hostname="LAPTOP-C9SNNQ6K" failures="0" tests="7" name="project2.Project2" time="39.156" errors="0" timestamp="2025-05-07T05:55:36 IST" skipped="0">
  <testcase classname="project2.Project2" name="testBangaloreToPatna" time="10.598"/>
  <testcase classname="project2.Project2" name="testMumbaiToDelhi" time="10.050"/>
  <testcase classname="project2.Project2" name="hoverTest" time="2.721"/>
  <testcase classname="project2.Project2" name="login" time="2.987"/>
  <testcase classname="project2.Project2" name="testHomePageElements" time="3.778"/>
  <testcase classname="project2.Project2" name="jsExecutor" time="2.596"/>
  <testcase classname="project2.Project2" name="windowHandle" time="6.426"/>
</testsuite> <!-- project2.Project2 -->
