<?xml version="1.0" encoding="UTF-8"?>
<!-- Generated by org.testng.reporters.JUnitReportReporter -->
<testsuite hostname="LAPTOP-C9SNNQ6K" failures="0" tests="7" name="project2.Project2" time="40.990" errors="0" timestamp="2025-05-07T06:11:05 IST" skipped="0">
  <testcase classname="project2.Project2" name="testBangaloreToPatna" time="10.917"/>
  <testcase classname="project2.Project2" name="testMumbaiToDelhi" time="10.749"/>
  <testcase classname="project2.Project2" name="hoverTest" time="2.447"/>
  <testcase classname="project2.Project2" name="login" time="2.991"/>
  <testcase classname="project2.Project2" name="jsExecutor" time="2.876"/>
  <testcase classname="project2.Project2" name="testHomePageElements" time="4.411"/>
  <testcase classname="project2.Project2" name="windowHandle" time="6.599"/>
</testsuite> <!-- project2.Project2 -->
