<?xml version="1.0" encoding="UTF-8"?>
<!-- Generated by org.testng.reporters.JUnitReportReporter -->
<testsuite hostname="LAPTOP-C9SNNQ6K" failures="0" tests="1" name="project2.JsExecutor" time="4.018" errors="0" timestamp="2025-05-08T14:21:12 IST" skipped="0">
  <testcase classname="project2.JsExecutor" name="jsExecutor" time="4.018"/>
</testsuite> <!-- project2.JsExecutor -->
